[INFO ] 2023-01-05 22:55:51.379 [main] HRM-***************TestCase Verify Login starts*****************
[INFO ] 2023-01-05 22:55:51.380 [main] HRM-Create Object of Home Page to call all the Elements
[INFO ] 2023-01-05 22:55:51.404 [main] HRM-Enter Username
[INFO ] 2023-01-05 22:55:51.580 [main] HRM-Enter Password
[INFO ] 2023-01-05 22:55:51.739 [main] HRM-CClick on Login Button
[INFO ] 2023-01-05 22:55:56.256 [main] HRM-Validate- Acutal and Expected Result
[INFO ] 2023-01-05 22:55:56.274 [main] HRM-***************TestCase Verify Login ends *****************
[INFO ] 2023-01-05 22:55:58.621 [main] HRM-***************TestCase Verify Login starts*****************
[INFO ] 2023-01-05 22:55:58.621 [main] HRM-Create Object of Home Page to call all the Elements
[INFO ] 2023-01-05 22:55:58.622 [main] HRM-Enter Username
[INFO ] 2023-01-05 22:55:58.787 [main] HRM-Enter Password
[INFO ] 2023-01-05 22:55:58.926 [main] HRM-CClick on Login Button
[INFO ] 2023-01-05 22:55:59.669 [main] HRM-Validate- Acutal and Expected Result
[INFO ] 2023-01-05 22:55:59.676 [main] HRM-***************TestCase Verify Login ends *****************
[INFO ] 2023-01-05 22:56:01.955 [main] HRM-****TestCase Verify ForGot Password starts*****
[INFO ] 2023-01-05 22:56:01.957 [main] HRM-Click on Forgot Password Link
[INFO ] 2023-01-05 22:56:02.475 [main] HRM-Enter Username
[INFO ] 2023-01-05 22:56:02.619 [main] HRM-Click on ResetPassword button
[INFO ] 2023-01-05 22:56:03.022 [main] HRM-****TestCase Verify ForGot Password ends*******
[INFO ] 2023-01-05 22:56:31.400 [main] HRM-***************TestCase Verify Login starts*****************
[INFO ] 2023-01-05 22:56:31.400 [main] HRM-Create Object of Home Page to call all the Elements
[INFO ] 2023-01-05 22:56:31.420 [main] HRM-Enter Username
[INFO ] 2023-01-05 22:56:31.589 [main] HRM-Enter Password
[INFO ] 2023-01-05 22:56:31.714 [main] HRM-CClick on Login Button
[INFO ] 2023-01-05 22:56:32.949 [main] HRM-Validate- Acutal and Expected Result
[INFO ] 2023-01-05 22:56:32.961 [main] HRM-***************TestCase Verify Login ends *****************
[INFO ] 2023-01-05 22:56:35.189 [main] HRM-***************TestCase Verify Login starts*****************
[INFO ] 2023-01-05 22:56:35.189 [main] HRM-Create Object of Home Page to call all the Elements
[INFO ] 2023-01-05 22:56:35.191 [main] HRM-Enter Username
[INFO ] 2023-01-05 22:56:35.336 [main] HRM-Enter Password
[INFO ] 2023-01-05 22:56:35.473 [main] HRM-CClick on Login Button
[INFO ] 2023-01-05 22:56:36.084 [main] HRM-Validate- Acutal and Expected Result
[INFO ] 2023-01-05 22:56:36.090 [main] HRM-***************TestCase Verify Login ends *****************
[INFO ] 2023-01-05 22:56:38.317 [main] HRM-****TestCase Verify ForGot Password starts*****
[INFO ] 2023-01-05 22:56:38.320 [main] HRM-Click on Forgot Password Link
[INFO ] 2023-01-05 22:56:38.753 [main] HRM-Enter Username
[INFO ] 2023-01-05 22:56:38.891 [main] HRM-Click on ResetPassword button
[INFO ] 2023-01-05 22:56:39.244 [main] HRM-****TestCase Verify ForGot Password ends*******
[INFO ] 2023-01-06 07:57:48.133 [main] HRM-***************TestCase Verify Login starts*****************
[INFO ] 2023-01-06 07:57:48.156 [main] HRM-Create Object of Home Page to call all the Elements
[INFO ] 2023-01-06 07:57:48.267 [main] HRM-Enter Username
[INFO ] 2023-01-06 07:57:48.538 [main] HRM-Enter Password
[INFO ] 2023-01-06 07:57:48.725 [main] HRM-CClick on Login Button
[INFO ] 2023-01-06 07:57:55.730 [main] HRM-Validate- Acutal and Expected Result
[INFO ] 2023-01-06 07:57:55.740 [main] HRM-***************TestCase Verify Login ends *****************
[INFO ] 2023-01-06 07:58:01.233 [main] HRM-***************TestCase Verify Login starts*****************
[INFO ] 2023-01-06 07:58:01.233 [main] HRM-Create Object of Home Page to call all the Elements
[INFO ] 2023-01-06 07:58:01.233 [main] HRM-Enter Username
[INFO ] 2023-01-06 07:58:01.450 [main] HRM-Enter Password
[INFO ] 2023-01-06 07:58:01.650 [main] HRM-CClick on Login Button
[INFO ] 2023-01-06 07:58:03.232 [main] HRM-Validate- Acutal and Expected Result
[INFO ] 2023-01-06 07:58:03.242 [main] HRM-***************TestCase Verify Login ends *****************
[INFO ] 2023-01-06 07:58:06.567 [main] HRM-****TestCase Verify ForGot Password starts*****
[INFO ] 2023-01-06 07:58:06.575 [main] HRM-Click on Forgot Password Link
[INFO ] 2023-01-06 07:58:07.566 [main] HRM-Enter Username
[INFO ] 2023-01-06 07:58:07.749 [main] HRM-Click on ResetPassword button
[INFO ] 2023-01-06 07:58:08.247 [main] HRM-****TestCase Verify ForGot Password ends*******
[INFO ] 2023-01-06 11:11:25.524 [main] HRM-***************TestCase Verify Login starts*****************
[INFO ] 2023-01-06 11:11:25.524 [main] HRM-Create Object of Home Page to call all the Elements
[INFO ] 2023-01-06 11:11:25.549 [main] HRM-Enter Username
[INFO ] 2023-01-06 11:11:25.704 [main] HRM-Enter Password
[INFO ] 2023-01-06 11:11:25.830 [main] HRM-CClick on Login Button
[INFO ] 2023-01-06 11:11:28.181 [main] HRM-Validate- Acutal and Expected Result
[INFO ] 2023-01-06 11:11:28.194 [main] HRM-***************TestCase Verify Login ends *****************
[INFO ] 2023-01-06 11:11:31.089 [main] HRM-***************TestCase Verify Login starts*****************
[INFO ] 2023-01-06 11:11:31.089 [main] HRM-Create Object of Home Page to call all the Elements
[INFO ] 2023-01-06 11:11:31.089 [main] HRM-Enter Username
[INFO ] 2023-01-06 11:11:31.283 [main] HRM-Enter Password
[INFO ] 2023-01-06 11:11:31.449 [main] HRM-CClick on Login Button
[INFO ] 2023-01-06 11:11:32.556 [main] HRM-Validate- Acutal and Expected Result
[INFO ] 2023-01-06 11:11:32.562 [main] HRM-***************TestCase Verify Login ends *****************
[INFO ] 2023-01-06 11:11:35.183 [main] HRM-****TestCase Verify ForGot Password starts*****
[INFO ] 2023-01-06 11:11:35.188 [main] HRM-Click on Forgot Password Link
[INFO ] 2023-01-06 11:11:35.760 [main] HRM-Enter Username
[INFO ] 2023-01-06 11:11:35.914 [main] HRM-Click on ResetPassword button
[INFO ] 2023-01-06 11:11:36.448 [main] HRM-****TestCase Verify ForGot Password ends*******
